<?xml version="1.0" encoding="UTF-8"?>
<testng-results ignored="0" total="1" passed="1" failed="0" skipped="0">
  <reporter-output>
  </reporter-output>
  <suite started-at="2023-04-24T22:45:19 CDT" name="Default suite" finished-at="2023-04-24T22:45:20 CDT" duration-ms="780">
    <groups>
    </groups>
    <test started-at="2023-04-24T22:45:19 CDT" name="Default test" finished-at="2023-04-24T22:45:20 CDT" duration-ms="780">
      <class name="com.example.Testcase">
        <test-method is-config="true" signature="setup()[pri:0, instance:com.example.Testcase@208e9ef6]" started-at="2023-04-24T22:45:19 CDT" name="setup" finished-at="2023-04-24T22:45:20 CDT" duration-ms="454" status="PASS">
          <reporter-output>
          </reporter-output>
        </test-method> <!-- setup -->
        <test-method signature="testcase1()[pri:0, instance:com.example.Testcase@208e9ef6]" started-at="2023-04-24T22:45:20 CDT" name="testcase1" finished-at="2023-04-24T22:45:20 CDT" duration-ms="158" status="PASS">
          <reporter-output>
          </reporter-output>
        </test-method> <!-- testcase1 -->
        <test-method is-config="true" signature="teardown()[pri:0, instance:com.example.Testcase@208e9ef6]" started-at="2023-04-24T22:45:20 CDT" name="teardown" finished-at="2023-04-24T22:45:20 CDT" duration-ms="154" status="PASS">
          <reporter-output>
          </reporter-output>
        </test-method> <!-- teardown -->
      </class> <!-- com.example.Testcase -->
    </test> <!-- Default test -->
  </suite> <!-- Default suite -->
</testng-results>
